[28-Apr-2025 00:11:51 UTC] PHP Warning:  Undefined variable $evento_teste_status in /home/u305246487/domains/dbzrpgonline.click/public_html/arena.php on line 312
[28-Apr-2025 00:11:51 UTC] PHP Warning:  Undefined variable $conn in /home/u305246487/domains/dbzrpgonline.click/public_html/arena.php on line 331
[28-Apr-2025 00:11:51 UTC] PHP Fatal error:  Uncaught Error: Call to a member function prepare() on null in /home/u305246487/domains/dbzrpgonline.click/public_html/arena.php:331
Stack trace:
#0 {main}
  thrown in /home/u305246487/domains/dbzrpgonline.click/public_html/arena.php on line 331
[28-Apr-2025 00:41:04 UTC] PHP Warning:  Undefined variable $evento_teste_status in /home/u305246487/domains/dbzrpgonline.click/public_html/arena.php on line 312
[28-Apr-2025 00:41:04 UTC] PHP Warning:  Undefined variable $conn in /home/u305246487/domains/dbzrpgonline.click/public_html/arena.php on line 331
[28-Apr-2025 00:41:04 UTC] PHP Fatal error:  Uncaught Error: Call to a member function prepare() on null in /home/u305246487/domains/dbzrpgonline.click/public_html/arena.php:331
Stack trace:
#0 {main}
  thrown in /home/u305246487/domains/dbzrpgonline.click/public_html/arena.php on line 331
[28-Apr-2025 00:43:23 UTC] PHP Warning:  Undefined variable $evento_teste_status in /home/u305246487/domains/dbzrpgonline.click/public_html/arena.php on line 312
[28-Apr-2025 00:43:23 UTC] PHP Warning:  Undefined variable $conn in /home/u305246487/domains/dbzrpgonline.click/public_html/arena.php on line 331
[28-Apr-2025 00:43:23 UTC] PHP Fatal error:  Uncaught Error: Call to a member function prepare() on null in /home/u305246487/domains/dbzrpgonline.click/public_html/arena.php:331
Stack trace:
#0 {main}
  thrown in /home/u305246487/domains/dbzrpgonline.click/public_html/arena.php on line 331
[28-Apr-2025 00:43:24 UTC] PHP Warning:  Undefined variable $evento_teste_status in /home/u305246487/domains/dbzrpgonline.click/public_html/arena.php on line 312
[28-Apr-2025 00:43:24 UTC] PHP Warning:  Undefined variable $conn in /home/u305246487/domains/dbzrpgonline.click/public_html/arena.php on line 331
[28-Apr-2025 00:43:24 UTC] PHP Fatal error:  Uncaught Error: Call to a member function prepare() on null in /home/u305246487/domains/dbzrpgonline.click/public_html/arena.php:331
Stack trace:
#0 {main}
  thrown in /home/u305246487/domains/dbzrpgonline.click/public_html/arena.php on line 331
[28-Apr-2025 00:43:26 UTC] PHP Warning:  Undefined variable $evento_teste_status in /home/u305246487/domains/dbzrpgonline.click/public_html/arena.php on line 312
[28-Apr-2025 00:43:26 UTC] PHP Warning:  Undefined variable $conn in /home/u305246487/domains/dbzrpgonline.click/public_html/arena.php on line 331
[28-Apr-2025 00:43:26 UTC] PHP Fatal error:  Uncaught Error: Call to a member function prepare() on null in /home/u305246487/domains/dbzrpgonline.click/public_html/arena.php:331
Stack trace:
#0 {main}
  thrown in /home/u305246487/domains/dbzrpgonline.click/public_html/arena.php on line 331
[28-Apr-2025 00:46:38 UTC] PHP Warning:  Undefined variable $evento_teste_status in /home/u305246487/domains/dbzrpgonline.click/public_html/arena.php on line 312
[28-Apr-2025 00:46:38 UTC] PHP Warning:  Undefined variable $conn in /home/u305246487/domains/dbzrpgonline.click/public_html/arena.php on line 331
[28-Apr-2025 00:46:38 UTC] PHP Fatal error:  Uncaught Error: Call to a member function prepare() on null in /home/u305246487/domains/dbzrpgonline.click/public_html/arena.php:331
Stack trace:
#0 {main}
  thrown in /home/u305246487/domains/dbzrpgonline.click/public_html/arena.php on line 331
[28-Apr-2025 00:50:07 UTC] PHP Warning:  Undefined variable $evento_teste_status in /home/u305246487/domains/dbzrpgonline.click/public_html/arena.php on line 312
[28-Apr-2025 00:50:07 UTC] PHP Warning:  Undefined variable $conn in /home/u305246487/domains/dbzrpgonline.click/public_html/arena.php on line 331
[28-Apr-2025 00:50:07 UTC] PHP Fatal error:  Uncaught Error: Call to a member function prepare() on null in /home/u305246487/domains/dbzrpgonline.click/public_html/arena.php:331
Stack trace:
#0 {main}
  thrown in /home/u305246487/domains/dbzrpgonline.click/public_html/arena.php on line 331
[28-Apr-2025 00:51:38 UTC] PHP Warning:  Undefined variable $evento_teste_status in /home/u305246487/domains/dbzrpgonline.click/public_html/arena.php on line 312
[28-Apr-2025 00:51:38 UTC] PHP Warning:  Undefined variable $conn in /home/u305246487/domains/dbzrpgonline.click/public_html/arena.php on line 331
[28-Apr-2025 00:51:38 UTC] PHP Fatal error:  Uncaught Error: Call to a member function prepare() on null in /home/u305246487/domains/dbzrpgonline.click/public_html/arena.php:331
Stack trace:
#0 {main}
  thrown in /home/u305246487/domains/dbzrpgonline.click/public_html/arena.php on line 331
[28-Apr-2025 00:53:37 UTC] PHP Warning:  Undefined variable $evento_teste_status in /home/u305246487/domains/dbzrpgonline.click/public_html/arena.php on line 312
[28-Apr-2025 00:53:37 UTC] PHP Warning:  Undefined variable $conn in /home/u305246487/domains/dbzrpgonline.click/public_html/arena.php on line 331
[28-Apr-2025 00:53:37 UTC] PHP Fatal error:  Uncaught Error: Call to a member function prepare() on null in /home/u305246487/domains/dbzrpgonline.click/public_html/arena.php:331
Stack trace:
#0 {main}
  thrown in /home/u305246487/domains/dbzrpgonline.click/public_html/arena.php on line 331
[28-Apr-2025 00:55:24 UTC] PHP Warning:  Undefined variable $evento_teste_status in /home/u305246487/domains/dbzrpgonline.click/public_html/arena.php on line 312
[28-Apr-2025 00:55:24 UTC] PHP Warning:  Undefined variable $conn in /home/u305246487/domains/dbzrpgonline.click/public_html/arena.php on line 331
[28-Apr-2025 00:55:24 UTC] PHP Fatal error:  Uncaught Error: Call to a member function prepare() on null in /home/u305246487/domains/dbzrpgonline.click/public_html/arena.php:331
Stack trace:
#0 {main}
  thrown in /home/u305246487/domains/dbzrpgonline.click/public_html/arena.php on line 331
[28-Apr-2025 00:56:13 UTC] PHP Warning:  Undefined variable $evento_teste_status in /home/u305246487/domains/dbzrpgonline.click/public_html/arena.php on line 312
[28-Apr-2025 00:56:13 UTC] PHP Warning:  Undefined variable $conn in /home/u305246487/domains/dbzrpgonline.click/public_html/arena.php on line 331
[28-Apr-2025 00:56:13 UTC] PHP Fatal error:  Uncaught Error: Call to a member function prepare() on null in /home/u305246487/domains/dbzrpgonline.click/public_html/arena.php:331
Stack trace:
#0 {main}
  thrown in /home/u305246487/domains/dbzrpgonline.click/public_html/arena.php on line 331
[28-Apr-2025 00:56:43 UTC] PHP Warning:  Undefined variable $evento_teste_status in /home/u305246487/domains/dbzrpgonline.click/public_html/arena.php on line 312
[28-Apr-2025 00:56:43 UTC] PHP Warning:  Undefined variable $conn in /home/u305246487/domains/dbzrpgonline.click/public_html/arena.php on line 331
[28-Apr-2025 00:56:43 UTC] PHP Fatal error:  Uncaught Error: Call to a member function prepare() on null in /home/u305246487/domains/dbzrpgonline.click/public_html/arena.php:331
Stack trace:
#0 {main}
  thrown in /home/u305246487/domains/dbzrpgonline.click/public_html/arena.php on line 331
[28-Apr-2025 00:56:55 UTC] PHP Warning:  Undefined variable $evento_teste_status in /home/u305246487/domains/dbzrpgonline.click/public_html/arena.php on line 312
[28-Apr-2025 00:56:55 UTC] PHP Warning:  Undefined variable $conn in /home/u305246487/domains/dbzrpgonline.click/public_html/arena.php on line 331
[28-Apr-2025 00:56:55 UTC] PHP Fatal error:  Uncaught Error: Call to a member function prepare() on null in /home/u305246487/domains/dbzrpgonline.click/public_html/arena.php:331
Stack trace:
#0 {main}
  thrown in /home/u305246487/domains/dbzrpgonline.click/public_html/arena.php on line 331
[28-Apr-2025 01:13:54 UTC] PHP Warning:  Undefined variable $evento_teste_status in /home/u305246487/domains/dbzrpgonline.click/public_html/arena.php on line 312
[28-Apr-2025 01:13:54 UTC] PHP Warning:  Undefined variable $conn in /home/u305246487/domains/dbzrpgonline.click/public_html/arena.php on line 331
[28-Apr-2025 01:13:54 UTC] PHP Fatal error:  Uncaught Error: Call to a member function prepare() on null in /home/u305246487/domains/dbzrpgonline.click/public_html/arena.php:331
Stack trace:
#0 {main}
  thrown in /home/u305246487/domains/dbzrpgonline.click/public_html/arena.php on line 331
[28-Apr-2025 01:21:57 UTC] PHP Warning:  Undefined variable $evento_teste_status in /home/u305246487/domains/dbzrpgonline.click/public_html/arena.php on line 312
[28-Apr-2025 01:21:57 UTC] PHP Warning:  Undefined variable $conn in /home/u305246487/domains/dbzrpgonline.click/public_html/arena.php on line 331
[28-Apr-2025 01:21:57 UTC] PHP Fatal error:  Uncaught Error: Call to a member function prepare() on null in /home/u305246487/domains/dbzrpgonline.click/public_html/arena.php:331
Stack trace:
#0 {main}
  thrown in /home/u305246487/domains/dbzrpgonline.click/public_html/arena.php on line 331
[28-Apr-2025 01:33:17 UTC] PHP Warning:  Undefined variable $evento_teste_status in /home/u305246487/domains/dbzrpgonline.click/public_html/arena.php on line 312
[28-Apr-2025 01:33:17 UTC] PHP Warning:  Undefined variable $conn in /home/u305246487/domains/dbzrpgonline.click/public_html/arena.php on line 331
[28-Apr-2025 01:33:17 UTC] PHP Fatal error:  Uncaught Error: Call to a member function prepare() on null in /home/u305246487/domains/dbzrpgonline.click/public_html/arena.php:331
Stack trace:
#0 {main}
  thrown in /home/u305246487/domains/dbzrpgonline.click/public_html/arena.php on line 331
[28-Apr-2025 01:43:46 UTC] PHP Warning:  Undefined variable $evento_teste_status in /home/u305246487/domains/dbzrpgonline.click/public_html/arena.php on line 312
[28-Apr-2025 01:43:46 UTC] PHP Warning:  Undefined variable $conn in /home/u305246487/domains/dbzrpgonline.click/public_html/arena.php on line 331
[28-Apr-2025 01:43:46 UTC] PHP Fatal error:  Uncaught Error: Call to a member function prepare() on null in /home/u305246487/domains/dbzrpgonline.click/public_html/arena.php:331
Stack trace:
#0 {main}
  thrown in /home/u305246487/domains/dbzrpgonline.click/public_html/arena.php on line 331
[28-Apr-2025 01:50:44 UTC] PHP Warning:  Undefined variable $evento_teste_status in /home/u305246487/domains/dbzrpgonline.click/public_html/arena.php on line 312
[28-Apr-2025 01:50:44 UTC] PHP Warning:  Undefined variable $conn in /home/u305246487/domains/dbzrpgonline.click/public_html/arena.php on line 331
[28-Apr-2025 01:50:44 UTC] PHP Fatal error:  Uncaught Error: Call to a member function prepare() on null in /home/u305246487/domains/dbzrpgonline.click/public_html/arena.php:331
Stack trace:
#0 {main}
  thrown in /home/u305246487/domains/dbzrpgonline.click/public_html/arena.php on line 331
[28-Apr-2025 11:35:56 UTC] PHP Warning:  Undefined variable $evento_teste_status in /home/u305246487/domains/dbzrpgonline.click/public_html/arena.php on line 312
[28-Apr-2025 11:35:56 UTC] PHP Warning:  Undefined variable $conn in /home/u305246487/domains/dbzrpgonline.click/public_html/arena.php on line 331
[28-Apr-2025 11:35:56 UTC] PHP Fatal error:  Uncaught Error: Call to a member function prepare() on null in /home/u305246487/domains/dbzrpgonline.click/public_html/arena.php:331
Stack trace:
#0 {main}
  thrown in /home/u305246487/domains/dbzrpgonline.click/public_html/arena.php on line 331
[28-Apr-2025 13:24:02 UTC] PHP Warning:  Undefined variable $evento_teste_status in /home/u305246487/domains/dbzrpgonline.click/public_html/arena.php on line 312
[28-Apr-2025 13:24:02 UTC] PHP Warning:  Undefined variable $conn in /home/u305246487/domains/dbzrpgonline.click/public_html/arena.php on line 331
[28-Apr-2025 13:24:02 UTC] PHP Fatal error:  Uncaught Error: Call to a member function prepare() on null in /home/u305246487/domains/dbzrpgonline.click/public_html/arena.php:331
Stack trace:
#0 {main}
  thrown in /home/u305246487/domains/dbzrpgonline.click/public_html/arena.php on line 331
[28-Apr-2025 13:24:44 UTC] PHP Warning:  Undefined variable $evento_teste_status in /home/u305246487/domains/dbzrpgonline.click/public_html/arena.php on line 312
[28-Apr-2025 13:24:44 UTC] PHP Warning:  Undefined variable $conn in /home/u305246487/domains/dbzrpgonline.click/public_html/arena.php on line 331
[28-Apr-2025 13:24:44 UTC] PHP Fatal error:  Uncaught Error: Call to a member function prepare() on null in /home/u305246487/domains/dbzrpgonline.click/public_html/arena.php:331
Stack trace:
#0 {main}
  thrown in /home/u305246487/domains/dbzrpgonline.click/public_html/arena.php on line 331
[28-Apr-2025 17:37:17 UTC] PHP Warning:  Undefined variable $evento_teste_status in /home/u305246487/domains/dbzrpgonline.click/public_html/arena.php on line 312
[28-Apr-2025 17:37:17 UTC] PHP Warning:  Undefined variable $conn in /home/u305246487/domains/dbzrpgonline.click/public_html/arena.php on line 331
[28-Apr-2025 17:37:17 UTC] PHP Fatal error:  Uncaught Error: Call to a member function prepare() on null in /home/u305246487/domains/dbzrpgonline.click/public_html/arena.php:331
Stack trace:
#0 {main}
  thrown in /home/u305246487/domains/dbzrpgonline.click/public_html/arena.php on line 331
[29-Apr-2025 01:50:02 UTC] PHP Warning:  Undefined variable $evento_teste_status in /home/u305246487/domains/dbzrpgonline.click/public_html/arena.php on line 312
[29-Apr-2025 01:50:02 UTC] PHP Warning:  Undefined variable $conn in /home/u305246487/domains/dbzrpgonline.click/public_html/arena.php on line 331
[29-Apr-2025 01:50:02 UTC] PHP Fatal error:  Uncaught Error: Call to a member function prepare() on null in /home/u305246487/domains/dbzrpgonline.click/public_html/arena.php:331
Stack trace:
#0 {main}
  thrown in /home/u305246487/domains/dbzrpgonline.click/public_html/arena.php on line 331
[29-Apr-2025 02:28:22 UTC] PHP Warning:  Undefined variable $evento_teste_status in /home/u305246487/domains/dbzrpgonline.click/public_html/arena.php on line 312
[29-Apr-2025 02:28:22 UTC] PHP Warning:  Undefined variable $conn in /home/u305246487/domains/dbzrpgonline.click/public_html/arena.php on line 331
[29-Apr-2025 02:28:22 UTC] PHP Fatal error:  Uncaught Error: Call to a member function prepare() on null in /home/u305246487/domains/dbzrpgonline.click/public_html/arena.php:331
Stack trace:
#0 {main}
  thrown in /home/u305246487/domains/dbzrpgonline.click/public_html/arena.php on line 331
[29-Apr-2025 02:37:28 UTC] PHP Warning:  Undefined variable $evento_teste_status in /home/u305246487/domains/dbzrpgonline.click/public_html/arena.php on line 312
[29-Apr-2025 02:37:28 UTC] PHP Warning:  Undefined variable $conn in /home/u305246487/domains/dbzrpgonline.click/public_html/arena.php on line 331
[29-Apr-2025 02:37:28 UTC] PHP Fatal error:  Uncaught Error: Call to a member function prepare() on null in /home/u305246487/domains/dbzrpgonline.click/public_html/arena.php:331
Stack trace:
#0 {main}
  thrown in /home/u305246487/domains/dbzrpgonline.click/public_html/arena.php on line 331
[29-Apr-2025 15:27:47 UTC] PHP Warning:  Undefined variable $evento_teste_status in /home/u305246487/domains/dbzrpgonline.click/public_html/arena.php on line 312
[29-Apr-2025 15:27:47 UTC] PHP Warning:  Undefined variable $conn in /home/u305246487/domains/dbzrpgonline.click/public_html/arena.php on line 331
[29-Apr-2025 15:27:47 UTC] PHP Fatal error:  Uncaught Error: Call to a member function prepare() on null in /home/u305246487/domains/dbzrpgonline.click/public_html/arena.php:331
Stack trace:
#0 {main}
  thrown in /home/u305246487/domains/dbzrpgonline.click/public_html/arena.php on line 331
[30-Apr-2025 00:10:30 UTC] PHP Warning:  Undefined variable $evento_teste_status in /home/u305246487/domains/dbzrpgonline.click/public_html/arena.php on line 312
[30-Apr-2025 00:10:30 UTC] PHP Warning:  Undefined variable $conn in /home/u305246487/domains/dbzrpgonline.click/public_html/arena.php on line 331
[30-Apr-2025 00:10:30 UTC] PHP Fatal error:  Uncaught Error: Call to a member function prepare() on null in /home/u305246487/domains/dbzrpgonline.click/public_html/arena.php:331
Stack trace:
#0 {main}
  thrown in /home/u305246487/domains/dbzrpgonline.click/public_html/arena.php on line 331
[30-Apr-2025 13:44:43 UTC] PHP Warning:  Undefined variable $evento_teste_status in /home/u305246487/domains/dbzrpgonline.click/public_html/arena.php on line 312
[30-Apr-2025 13:44:43 UTC] PHP Warning:  Undefined variable $conn in /home/u305246487/domains/dbzrpgonline.click/public_html/arena.php on line 331
[30-Apr-2025 13:44:43 UTC] PHP Fatal error:  Uncaught Error: Call to a member function prepare() on null in /home/u305246487/domains/dbzrpgonline.click/public_html/arena.php:331
Stack trace:
#0 {main}
  thrown in /home/u305246487/domains/dbzrpgonline.click/public_html/arena.php on line 331
[01-May-2025 14:21:10 UTC] PHP Warning:  Undefined variable $evento_teste_status in /home/u305246487/domains/dbzrpgonline.click/public_html/arena.php on line 312
[01-May-2025 14:21:10 UTC] PHP Warning:  Undefined variable $conn in /home/u305246487/domains/dbzrpgonline.click/public_html/arena.php on line 331
[01-May-2025 14:21:10 UTC] PHP Fatal error:  Uncaught Error: Call to a member function prepare() on null in /home/u305246487/domains/dbzrpgonline.click/public_html/arena.php:331
Stack trace:
#0 {main}
  thrown in /home/u305246487/domains/dbzrpgonline.click/public_html/arena.php on line 331
[01-May-2025 14:49:16 UTC] PHP Warning:  Undefined variable $evento_teste_status in /home/u305246487/domains/dbzrpgonline.click/public_html/arena.php on line 312
[01-May-2025 14:49:16 UTC] PHP Warning:  Undefined variable $conn in /home/u305246487/domains/dbzrpgonline.click/public_html/arena.php on line 331
[01-May-2025 14:49:16 UTC] PHP Fatal error:  Uncaught Error: Call to a member function prepare() on null in /home/u305246487/domains/dbzrpgonline.click/public_html/arena.php:331
Stack trace:
#0 {main}
  thrown in /home/u305246487/domains/dbzrpgonline.click/public_html/arena.php on line 331
[01-May-2025 22:29:24 UTC] PHP Warning:  Undefined variable $evento_teste_status in /home/u305246487/domains/dbzrpgonline.click/public_html/arena.php on line 312
[01-May-2025 22:29:24 UTC] PHP Warning:  Undefined variable $conn in /home/u305246487/domains/dbzrpgonline.click/public_html/arena.php on line 331
[01-May-2025 22:29:24 UTC] PHP Fatal error:  Uncaught Error: Call to a member function prepare() on null in /home/u305246487/domains/dbzrpgonline.click/public_html/arena.php:331
Stack trace:
#0 {main}
  thrown in /home/u305246487/domains/dbzrpgonline.click/public_html/arena.php on line 331
[03-May-2025 17:41:39 UTC] PHP Warning:  Undefined variable $evento_teste_status in /home/u305246487/domains/dbzrpgonline.click/public_html/arena.php on line 312
[03-May-2025 17:41:39 UTC] PHP Warning:  Undefined variable $conn in /home/u305246487/domains/dbzrpgonline.click/public_html/arena.php on line 331
[03-May-2025 17:41:39 UTC] PHP Fatal error:  Uncaught Error: Call to a member function prepare() on null in /home/u305246487/domains/dbzrpgonline.click/public_html/arena.php:331
Stack trace:
#0 {main}
  thrown in /home/u305246487/domains/dbzrpgonline.click/public_html/arena.php on line 331
